D:\3.OFFICE\40.AKASIA PIK1\5.SHOP DRAWING\Drawing1.dwg,Model,12/31/2024 3:20:58 PM,ASUS,EPSON L14150 Series (Copy 1),A3 297 x 420 mm,1:72.6237,
D:\3.OFFICE\2025\01.PIK 1 AKASIA\5.SHOP DRAWING\Drawing1333.dwg,Model,2/8/2025 3:13:11 PM,ASUS,EPSON L14150 Series (Copy 1),A3 297 x 420 mm,1:101.531,
D:\3.OFFICE\2025\01.PIK 1 AKASIA\5.SHOP DRAWING\Drawing1333.dwg,Model,2/8/2025 3:14:20 PM,ASUS,EPSON L14150 Series (Copy 1),A3 297 x 420 mm,1:101.531,
D:\3.OFFICE\2025\01.PIK 1 AKASIA\5.SHOP DRAWING\denah existing.dwg,Model,4/14/2025 10:43:24 AM,ASUS,AutoCAD PDF (General Documentation).pc3,ISO full bleed A3 (297.00 x 420.00 MM),1:94.7915,
D:\3.OFFICE\2025\01.PIK 1 AKASIA\5.SHOP DRAWING\denah existing.dwg,Model,5/7/2025 5:15:48 PM,ASUS,EPSON L14150 Series (Copy 1),A3 297 x 420 mm,1:96.2432,
D:\3.OFFICE\2025\01.PIK 1 AKASIA\5.SHOP DRAWING\denah existing.dwg,Model,5/7/2025 5:16:08 PM,ASUS,EPSON L14150 Series (Copy 1),A3 297 x 420 mm,1:96.2432,
D:\3.OFFICE\2025\01.PIK 1 AKASIA\5.SHOP DRAWING\denah existing.dwg,Model,5/7/2025 5:18:15 PM,ASUS,Microsoft Print to PDF,A3,1:94.794,
D:\3.OFFICE\2025\01.PIK 1 AKASIA\5.SHOP DRAWING\denah existing.dwg,Model,5/10/2025 9:34:47 AM,ASUS,Microsoft Print to PDF,A3,1:94.794,
D:\3.OFFICE\2025\01.PIK 1 AKASIA\5.SHOP DRAWING\denah existing.dwg,Model,5/10/2025 9:35:58 AM,ASUS,EPSON L14150 Series (Copy 1),A3 297 x 420 mm,1:96.2432,
D:\3.OFFICE\2025\01.PIK 1 AKASIA\5.SHOP DRAWING\denah existing.dwg,Model,5/10/2025 10:58:35 AM,ASUS,EPSON L14150 Series (Copy 1),A3 297 x 420 mm,1:96.2432,
D:\3.OFFICE\2025\01.PIK 1 AKASIA\5.SHOP DRAWING\denah existing.dwg,Model,5/10/2025 10:59:46 AM,ASUS,EPSON L14150 Series (Copy 1),A3 297 x 420 mm,1:96.2432,
D:\3.OFFICE\2025\01.PIK 1 AKASIA\5.SHOP DRAWING\denah existing.dwg,Model,5/10/2025 11:00:14 AM,ASUS,EPSON L14150 Series (Copy 1),A3 297 x 420 mm,1:96.2432,
D:\3.OFFICE\2025\01.PIK 1 AKASIA\5.SHOP DRAWING\denah existing.dwg,Model,5/31/2025 9:39:24 AM,ASUS,Microsoft Print to PDF,A3,1:94.794,
D:\3.OFFICE\2025\01.PIK 1 AKASIA\5.SHOP DRAWING\denah existing.dwg,Model,5/31/2025 9:40:03 AM,ASUS,EPSON L14150 Series (Copy 1),A3 297 x 420 mm,1:96.2432,
D:\3.OFFICE\2025\01.PIK 1 AKASIA\5.SHOP DRAWING\denah existing.dwg,Model,5/31/2025 9:40:41 AM,ASUS,EPSON L14150 Series (Copy 1),A3 297 x 420 mm,1:96.2432,
D:\3.OFFICE\2025\01.PIK 1 AKASIA\5.SHOP DRAWING\denah existing.dwg,Model,5/31/2025 9:41:39 AM,ASUS,EPSON L14150 Series (Copy 1),A3 297 x 420 mm,1:96.2432,
D:\3.OFFICE\2025\01.PIK 1 AKASIA\5.SHOP DRAWING\denah existing.dwg,Model,6/5/2025 10:00:24 AM,ASUS,EPSON L14150 Series (Copy 1),A3 297 x 420 mm,1:96.2432,
D:\3.OFFICE\2025\01.PIK 1 AKASIA\5.SHOP DRAWING\denah existing.dwg,Model,6/5/2025 10:06:07 AM,ASUS,EPSON L14150 Series (Copy 1),A3 297 x 420 mm,1:96.2432,
D:\3.OFFICE\2025\01.PIK 1 AKASIA\5.SHOP DRAWING\denah existing.dwg,Model,7/5/2025 2:43:07 PM,ASUS,EPSON L14150 Series (Copy 1),A3 297 x 420 mm,1:96.2432,
D:\3.OFFICE\2025\01.PIK 1 AKASIA\5.SHOP DRAWING\denah existing.dwg,Model,7/5/2025 2:43:42 PM,ASUS,EPSON L14150 Series (Copy 1),A3 297 x 420 mm,1:96.2432,
D:\3.OFFICE\2025\01.PIK 1 AKASIA\5.SHOP DRAWING\denah existing.dwg,Model,7/5/2025 2:44:09 PM,ASUS,Microsoft Print to PDF,A3,1:94.794,
D:\3.OFFICE\2025\01.PIK 1 AKASIA\5.SHOP DRAWING\denah existing.dwg,Model,7/5/2025 2:45:27 PM,ASUS,Microsoft Print to PDF,A3,1:94.794,
D:\3.OFFICE\2025\01.PIK 1 AKASIA\5.SHOP DRAWING\denah existing.dwg,Model,7/11/2025 12:59:25 AM,ASUS,Microsoft Print to PDF,A3,1:94.794,
D:\3.OFFICE\2025\01.PIK 1 AKASIA\5.SHOP DRAWING\denah existing.dwg,Model,7/11/2025 12:59:43 AM,ASUS,Microsoft Print to PDF,A3,1:94.794,
D:\3.OFFICE\2025\01.PIK 1 AKASIA\5.SHOP DRAWING\denah existing.dwg,Model,7/22/2025 1:29:49 PM,ASUS,Microsoft Print to PDF,A3,1:94.794,
D:\3.OFFICE\2025\01.PIK 1 AKASIA\5.SHOP DRAWING\denah existing.dwg,Model,7/22/2025 1:31:14 PM,ASUS,Microsoft Print to PDF,A3,1:94.794,
D:\3.OFFICE\2025\01.PIK 1 AKASIA\5.SHOP DRAWING\denah existing.dwg,Model,7/22/2025 1:37:53 PM,ASUS,Microsoft Print to PDF,A3,1:94.794,
D:\3.OFFICE\2025\01.PIK 1 AKASIA\5.SHOP DRAWING\denah existing.dwg,Model,7/22/2025 1:38:24 PM,ASUS,Microsoft Print to PDF,A3,1:94.794,
D:\3.OFFICE\2025\01.PIK 1 AKASIA\5.SHOP DRAWING\denah existing.dwg,Model,9/17/2025 2:26:31 PM,ASUS,Microsoft Print to PDF,A3,1:99.2448,
D:\3.OFFICE\2025\01.PIK 1 AKASIA\5.SHOP DRAWING\denah existing.dwg,Model,9/17/2025 2:29:28 PM,ASUS,Microsoft Print to PDF,A3,1:99.2448,
D:\3.OFFICE\2025\01.PIK 1 AKASIA\5.SHOP DRAWING\denah existing.dwg,Model,9/19/2025 11:08:22 AM,ASUS,Microsoft Print to PDF,A3,1:99.2448,
D:\3.OFFICE\2025\01.PIK 1 AKASIA\5.SHOP DRAWING\denah existing.dwg,Model,9/30/2025 11:05:56 AM,ASUS,Microsoft Print to PDF,A3,1:94.794,
D:\3.OFFICE\2025\01.PIK 1 AKASIA\5.SHOP DRAWING\denah existing.dwg,Model,9/30/2025 11:06:53 AM,ASUS,Microsoft Print to PDF,A3,1:94.794,
D:\3.OFFICE\2025\01.PIK 1 AKASIA\5.SHOP DRAWING\denah existing.dwg,Model,9/30/2025 11:07:12 AM,ASUS,Microsoft Print to PDF,A3,1:94.794,
D:\3.OFFICE\2025\01.PIK 1 AKASIA\5.SHOP DRAWING\denah existing.dwg,Model,9/30/2025 11:07:29 AM,ASUS,Microsoft Print to PDF,A3,1:94.794,
D:\3.OFFICE\2025\9.PLUIT\3.SHOPDRAWING\CD_PLUIT PERMAI_2025-06-26.dwg,Model,10/2/2025 8:22:29 AM,ASUS,Microsoft Print to PDF,A3,1:81.1978,
D:\3.OFFICE\2025\01.PIK 1 AKASIA\5.SHOP DRAWING\denah existing.dwg,Model,10/25/2025 10:59:32 AM,ASUS,Microsoft Print to PDF,A3,1:94.794,
D:\3.OFFICE\2025\01.PIK 1 AKASIA\5.SHOP DRAWING\denah existing.dwg,Model,10/27/2025 8:42:47 AM,ASUS,Microsoft Print to PDF,A3,1:94.794,
D:\3.OFFICE\2025\01.PIK 1 AKASIA\5.SHOP DRAWING\denah existing.dwg,Model,10/27/2025 8:43:12 AM,ASUS,EPSON L14150 Series (Copy 1),A3 297 x 420 mm,1:96.2432,
D:\3.OFFICE\2025\01.PIK 1 AKASIA\5.SHOP DRAWING\denah existing.dwg,Model,10/27/2025 8:44:02 AM,ASUS,EPSON L14150 Series (Copy 1),A3 297 x 420 mm,1:96.2432,
D:\3.OFFICE\2025\01.PIK 1 AKASIA\5.SHOP DRAWING\denah existing.dwg,Model,10/27/2025 8:44:31 AM,ASUS,EPSON L14150 Series (Copy 1),A3 297 x 420 mm,1:96.2432,
D:\3.OFFICE\2025\01.PIK 1 AKASIA\5.SHOP DRAWING\denah existing.dwg,Model,10/27/2025 8:44:52 AM,ASUS,EPSON L14150 Series (Copy 1),A3 297 x 420 mm,1:96.2432,
D:\3.OFFICE\2025\01.PIK 1 AKASIA\5.SHOP DRAWING\denah existing.dwg,Model,10/27/2025 8:45:27 AM,ASUS,EPSON L14150 Series (Copy 1),A3 297 x 420 mm,1:96.2432,
D:\3.OFFICE\2025\01.PIK 1 AKASIA\5.SHOP DRAWING\denah existing.dwg,Model,10/27/2025 8:46:16 AM,ASUS,EPSON L14150 Series (Copy 1),A3 297 x 420 mm,1:96.2432,
D:\3.OFFICE\2025\01.PIK 1 AKASIA\5.SHOP DRAWING\denah existing.dwg,Model,10/27/2025 8:46:36 AM,ASUS,EPSON L14150 Series (Copy 1),A3 297 x 420 mm,1:96.2432,
D:\3.OFFICE\2025\01.PIK 1 AKASIA\5.SHOP DRAWING\denah existing.dwg,Model,10/27/2025 8:47:01 AM,ASUS,EPSON L14150 Series (Copy 1),A3 297 x 420 mm,1:96.2432,
D:\3.OFFICE\2025\01.PIK 1 AKASIA\5.SHOP DRAWING\denah existing.dwg,Model,10/27/2025 8:47:37 AM,ASUS,EPSON L14150 Series (Copy 1),A3 297 x 420 mm,1:96.2432,
D:\3.OFFICE\2025\01.PIK 1 AKASIA\5.SHOP DRAWING\denah existing.dwg,Model,10/29/2025 8:37:07 AM,ASUS,Microsoft Print to PDF,A3,1:83.0891,
D:\3.OFFICE\2025\01.PIK 1 AKASIA\5.SHOP DRAWING\denah existing.dwg,Model,10/29/2025 8:38:37 AM,ASUS,Microsoft Print to PDF,A3,1:83.0891,
D:\3.OFFICE\2025\01.PIK 1 AKASIA\5.SHOP DRAWING\denah existing.dwg,Model,10/29/2025 8:39:29 AM,ASUS,EPSON L14150 Series (Copy 1).pc3,Previous paper size  (297.00 x 420.00 mm),1:83.0891,
D:\3.OFFICE\2025\01.PIK 1 AKASIA\5.SHOP DRAWING\denah existing.dwg,Model,10/29/2025 8:40:33 AM,ASUS,EPSON L14150 Series (Copy 1).pc3,A3 297 x 420 mm,1:84.3594,
D:\3.OFFICE\2025\01.PIK 1 AKASIA\5.SHOP DRAWING\denah existing.dwg,Model,10/29/2025 8:50:00 AM,ASUS,EPSON L14150 Series (Copy 1).pc3,A3 297 x 420 mm,1:84.3594,
D:\3.OFFICE\2025\01.PIK 1 AKASIA\5.SHOP DRAWING\denah existing.dwg,Model,10/29/2025 8:51:14 AM,ASUS,EPSON L14150 Series (Copy 1).pc3,A3 297 x 420 mm,1:84.3594,
D:\3.OFFICE\2025\01.PIK 1 AKASIA\5.SHOP DRAWING\denah existing.dwg,Model,10/29/2025 8:52:10 AM,ASUS,EPSON L14150 Series (Copy 1).pc3,A3 297 x 420 mm,1:84.3594,
D:\3.OFFICE\2025\01.PIK 1 AKASIA\5.SHOP DRAWING\denah existing.dwg,Model,10/29/2025 8:53:06 AM,ASUS,EPSON L14150 Series (Copy 1).pc3,A3 297 x 420 mm,1:84.3594,
D:\3.OFFICE\2025\01.PIK 1 AKASIA\5.SHOP DRAWING\denah existing.dwg,Model,10/29/2025 8:55:26 AM,ASUS,EPSON L14150 Series (Copy 1).pc3,A3 297 x 420 mm,1:96.2432,
D:\3.OFFICE\2025\01.PIK 1 AKASIA\5.SHOP DRAWING\denah existing.dwg,Model,10/29/2025 8:56:30 AM,ASUS,EPSON L14150 Series (Copy 1).pc3,A3 297 x 420 mm,1:96.2432,
D:\3.OFFICE\2025\01.PIK 1 AKASIA\5.SHOP DRAWING\denah existing.dwg,Model,10/29/2025 8:57:00 AM,ASUS,EPSON L14150 Series (Copy 1).pc3,A3 297 x 420 mm,1:96.2432,
D:\3.OFFICE\2025\01.PIK 1 AKASIA\5.SHOP DRAWING\denah existing.dwg,Model,10/29/2025 8:57:38 AM,ASUS,EPSON L14150 Series (Copy 1).pc3,A3 297 x 420 mm,1:96.2432,
D:\3.OFFICE\2025\01.PIK 1 AKASIA\5.SHOP DRAWING\denah existing.dwg,Model,10/29/2025 8:58:48 AM,ASUS,EPSON L14150 Series (Copy 1).pc3,A3 297 x 420 mm,1:96.2432,
D:\3.OFFICE\2025\01.PIK 1 AKASIA\5.SHOP DRAWING\denah existing.dwg,Model,10/29/2025 9:00:45 AM,ASUS,EPSON L14150 Series (Copy 1).pc3,A3 297 x 420 mm,1:96.2432,
D:\3.OFFICE\2025\01.PIK 1 AKASIA\5.SHOP DRAWING\denah existing.dwg,Model,10/29/2025 9:01:21 AM,ASUS,EPSON L14150 Series (Copy 1).pc3,A3 297 x 420 mm,1:96.2432,
D:\3.OFFICE\2025\01.PIK 1 AKASIA\5.SHOP DRAWING\denah existing.dwg,Model,10/29/2025 9:02:04 AM,ASUS,EPSON L14150 Series (Copy 1).pc3,A3 297 x 420 mm,1:96.2432,
D:\3.OFFICE\2025\01.PIK 1 AKASIA\5.SHOP DRAWING\denah existing.dwg,Model,10/29/2025 9:03:29 AM,ASUS,EPSON L14150 Series (Copy 1).pc3,A3 297 x 420 mm,1:96.2432,
D:\3.OFFICE\2025\01.PIK 1 AKASIA\5.SHOP DRAWING\denah existing.dwg,Model,11/13/2025 10:13:10 AM,ASUS,EPSON L14150 Series (Copy 1).pc3,A3 297 x 420 mm,1:84.3594,
D:\3.OFFICE\2025\01.PIK 1 AKASIA\5.SHOP DRAWING\DENAH 041225.dwg,Model,12/4/2025 9:07:03 AM,ASUS,EPSON L14150 Series (Copy 1).pc3,A3 297 x 420 mm,1:84.3594,
D:\3.OFFICE\2025\01.PIK 1 AKASIA\5.SHOP DRAWING\DENAH 041225.dwg,Model,12/4/2025 9:07:53 AM,ASUS,EPSON L14150 Series (Copy 1).pc3,A3 297 x 420 mm,1:84.3594,
D:\3.OFFICE\2025\01.PIK 1 AKASIA\5.SHOP DRAWING\DENAH 041225.dwg,Model,12/4/2025 9:08:33 AM,ASUS,EPSON L14150 Series (Copy 1).pc3,A3 297 x 420 mm,1:84.3594,
D:\3.OFFICE\2025\01.PIK 1 AKASIA\5.SHOP DRAWING\DENAH 041225.dwg,Model,12/4/2025 9:09:18 AM,ASUS,EPSON L14150 Series (Copy 1).pc3,A3 297 x 420 mm,1:84.3594,
D:\3.OFFICE\2025\01.PIK 1 AKASIA\5.SHOP DRAWING\DENAH 041225.dwg,Model,12/4/2025 9:09:54 AM,ASUS,EPSON L14150 Series (Copy 1).pc3,A3 297 x 420 mm,1:84.3594,
D:\3.OFFICE\2025\01.PIK 1 AKASIA\5.SHOP DRAWING\denah existing.dwg,Model,12/6/2025 9:30:59 AM,ASUS,EPSON L14150 Series (Copy 1).pc3,A3 297 x 420 mm,1:84.3594,
D:\3.OFFICE\2025\01.PIK 1 AKASIA\5.SHOP DRAWING\denah existing.dwg,Model,12/6/2025 1:10:24 PM,ASUS,EPSON L14150 Series (Copy 1).pc3,A3 297 x 420 mm,1:84.3594,
